6
1
5 5
  0.062775   -8.34278 -0.0782746     4.6524     21.776
  -6.07103    1.08079   -11.2043   -5.63899    1.42389
 -0.900402   -5.46564   -4.65639   -6.45437    4.62029
   3.32814   -2.17159   -7.75512   -9.56348     1.0158
   6.14529  -0.281771   -3.31392    -7.5004   -8.40548
1
5 5
 -4.19086  -1.17044  -7.41921  -9.11426  -2.25545
  -3.6463  -4.20042  -2.66989  -2.52633  -6.95462
  4.72587  -8.17712  -3.16432 0.0556081  -5.59758
  2.83816   2.91972  -1.96217  -8.68434  -3.38355
  13.2457   10.8608   4.97623  -5.04422   1.48254
1
5 5
 -0.710194   0.143842  -0.274396   0.301595 -0.0247722
  -1.43562   -1.08516  -0.103422     0.4067  -0.285859
  -1.06156  -0.593247  -0.558865   0.150361   0.574742
  0.658949  -0.779089   -1.46815  -0.798268  -0.957586
   0.43313   0.347436  -0.510867  -0.337551  -0.694136
1
5 5
 -6.18598  -6.20957  -5.80957  -8.37572  -1.11537
 -3.09546  -5.13284  -2.14236  -1.70223  -2.40754
 -4.75486  0.242033  -1.91106  -7.75891  -3.43027
 -1.66351   1.20003   3.36702   -8.3832 -0.788547
  1.72885   1.15049   7.78675   10.1987   8.64041
1
5 5
-0.560273   2.53726  -3.75517   4.73937    1.4681
-0.307376    2.3548   9.86114   19.4899  -3.70089
 0.904056   1.71062  -4.84449  -4.59508  -6.68948
  2.05593  -3.07302  -11.7025  -11.8571   -13.832
  2.71131 -0.328857  -9.16103  -5.35118  -8.46044
1
5 5
 -7.69612  -6.03364   0.29318   4.07503  -4.66201
 -10.3897  -7.41952  -1.61798   8.11779   3.02699
  -6.0276  -3.81001   7.61179   7.55939   -2.8496
 -3.81004  -1.06947   8.36431   9.71199  -2.44482
  1.03497 -0.879104  -1.78375  -4.59695  -9.09862
