16
6
5 5
 3.77472 -6.61214 -4.61692 -1.58535 -3.47232
 3.27378 -1.04295 -2.04207 -4.60943  1.02755
0.403619  -6.1809 -4.56362  -4.9411 -3.54628
 -2.2861 -2.58589 -6.52498 -5.06294 -2.92334
-4.12919  1.89805  -2.9465 -4.70433 -2.04022
5 5
 0.294343  -2.14393  -3.76029   1.73467   1.49014
 -1.23092   2.49299  -4.97634   3.20081  -1.96605
  2.98529  -2.42859  -2.96427  0.432529  -1.68054
 -2.86522  0.072516 -0.247476  -2.51684  -4.12223
 -1.49955  -2.53011   1.46763  -2.20138  -3.68582
5 5
  0.572136  -0.626462  -0.937894   0.845082  -0.098183
 -0.997181   0.363461   0.226635  -0.474966   0.118589
  0.292365  -0.437103  -0.635061  0.0202948   0.814091
 -0.524504  -0.358117   0.257944   0.393907  -0.160108
  0.214329  -0.550458 -0.0227984  -0.811984  -0.389075
5 5
 -0.781441   0.534588 -0.0997398   -4.13662   -3.20571
    1.5938    2.22427    1.40614   -2.59539   -1.82768
  -0.88766    1.31266  -0.385552  -0.996998   -2.78992
  -2.49419  -0.614747  -0.266876    1.05137   -1.36323
 -0.583713  0.0882858  0.0269775   -2.15326  -0.555021
5 5
 -3.30698   1.01572  -2.09873  0.828664  -1.92559
-0.155192   1.20693  -5.82908  -2.27604 -0.438247
 0.228438 0.0193292   1.63611  -3.58518  -3.70251
 -1.34526 -0.518586   2.32318  -2.21128  -4.76199
 -3.36659   0.61836   2.61671 -0.983284  -2.92136
5 5
-0.651852  -2.80125  -11.6593 -0.659202   3.02187
 -3.75718   1.80525    1.5573  -6.61456  0.998696
-0.114816  0.428207   1.91777  -4.07661  -1.31078
 -2.21927   1.44238  -1.73364  -3.95348  -2.14602
 -3.58442  -1.31854 0.0660908   1.32082  -3.14848
6
5 5
 -0.435409   -2.28432 -0.0606052   -2.54115    1.16971
  -5.43239   -7.43074   -1.22875   -3.82808   -5.26198
  0.109546   0.913948  -0.801283   -1.98829    -5.0915
  0.918747   -1.39958  -0.999925   0.345119    1.48156
  -6.94682   -2.35066   -2.68167   -3.47454    5.71172
5 5
 -2.34132  0.958703   1.54837 -0.454212   1.53564
 -2.35205  -2.66969   1.88864  0.372934  0.668182
-0.291406  -2.45412  -4.58598  -4.56971  -7.46421
   1.1395  -1.42428  -5.19436 -0.800102  0.375369
 -4.36343  -1.25089  -2.74028  -1.88588    3.8309
5 5
  0.0568878   -0.197646     1.04169   -0.991936    0.846744
   -0.55948   -0.502436   -0.307358     0.56403    0.499495
   0.136424   -0.324779     0.81677     0.55553   -0.869347
  -0.122919    0.494534   -0.716658   -0.432676 -0.00283748
   0.658556    0.254407   -0.205886   -0.747847       1.109
5 5
 -1.30009  0.557031  -1.24349  -2.20814   0.45375
 -3.43395 -0.283894  0.388698 -0.649347    2.7896
-0.686498  -1.68734  -2.80456  -2.11301  -2.72435
 0.743313 -0.239045 -0.775728 0.0247077   2.73101
-0.530955 -0.485468  -1.77177 0.0748011  0.336552
5 5
  4.22211  -4.74305  -2.37798  -4.51025 -0.970627
 -4.19983  -5.75345  -5.95083  -7.75242  -5.49004
  2.64538  0.998667  -6.11826   1.23377  -2.40915
 -1.20648  -2.14068    1.6464  -5.54435  -3.13263
 0.101843    2.0715   -2.6425  -2.29497  -2.33167
5 5
  -0.14517   -5.72897   -1.48152    4.89801   -4.31624
   1.14618   0.759955    -1.8468   0.511509   -4.33475
   1.53148 -0.0254344   0.710447   0.174928    2.44859
-0.0482422   -2.41761   -4.78451   -4.82623   -4.41088
   1.38074    -5.3381   -7.56602   -1.31374    5.20828
6
5 5
-0.659677  -0.35284  -1.48638   -3.2985  -1.33209
 0.349529   -3.2541 -0.871288   1.80056  -1.55635
 -1.00342  -4.54069  -2.16332  -4.49245   -8.7136
  4.07924   2.11923  -2.56064   -8.2742    2.3701
-0.454768    5.7602  -1.88533  -1.80707     -2.58
5 5
   2.66226   -2.69653   -2.77477   -4.03129   -3.77252
 -0.619026    3.57209    1.67315   -3.25514   -2.93642
 -0.931043   -3.20217     3.1089    1.75289   -3.27017
    1.8504   -7.05762   -1.77022    -1.5897   -6.11468
   5.49832    2.66021   0.062228     -5.018 -0.0530733
5 5
  0.442354   0.909153   0.563364  -0.408865    0.48839
  0.808717 -0.0588216   0.084675   0.708012   0.527644
 -0.578289  0.0447899   0.253177  0.0872731  -0.508738
  0.617941   0.788602   0.918748   0.199871   0.137673
  0.124085   0.455503   0.968305   0.459729  -0.130842
5 5
-0.606114  -1.16719 0.0212323  0.859272  -2.11452
  1.87266  0.223042 -0.282603 -0.453886 -0.119096
 0.263318 -0.195923    -1.817 -0.162626   -1.3662
  -1.1427  -1.96182  -1.05923  -1.91001  -1.33623
  2.48854    2.7577 -0.179643  -1.73314   1.19715
5 5
  -3.84536   -3.85306   0.875502  0.0918887 -0.0692927
 -0.784039   -1.62553    7.33591   -2.18244   -9.28921
 -0.813402   -1.65613   -4.09119   -4.67872   -6.21953
  -2.52741   -3.40817   -1.00793   -5.53943   -3.26984
  -1.60141   -2.45276   -2.34646   -1.46845   -2.84284
5 5
  -1.81286    2.28133   -0.32707  -0.742153   -2.00832
   0.86514  -0.661883   -2.65108   -2.99686   -4.92132
  0.812819   -1.74657  -0.933764   -2.17905   -3.11053
 -0.138367   0.444317    1.59208   -2.20941   -3.29905
-0.0784421    1.05176    2.09603  -0.721689   -2.67319
6
5 5
 -3.98701 -0.766775 -0.913517  0.316518   2.41227
 -3.55501 -0.540246  -2.71467   2.69987   3.86025
 -0.90789  -3.62957  -6.67058  -7.48263  0.341447
 -2.35871  -5.96504  -2.66796 -0.243913  -2.77143
 -6.27233  -4.19458   2.16582  -1.27604    0.7341
5 5
 0.162762  0.475331  -3.35322  -1.43327 -0.366415
 -3.17874   2.39901  -3.00816  0.325277   -1.6341
-0.261706   2.63388  0.863211 0.0902339 -0.481766
 -4.50263   2.75513   4.25057  -1.13904 -0.554934
-0.242121   1.17245  -5.48894  -3.44086  0.647767
5 5
  0.236304  -0.863139   0.814404 -0.0610987   0.140965
 -0.688911   -0.67219  -0.859372  -0.164844  -0.698998
 -0.745418   -0.73096   0.198188  -0.464812  -0.966824
 -0.530429 -0.0686352  -0.893472  -0.491786  -0.225423
  0.928269   0.306102  -0.210174   0.765081   0.752568
5 5
  -1.23891   -2.57444   -1.08938   -0.69151   -1.54044
  -3.82367   -1.65258   -1.80382   0.603603    1.79548
  -1.24506    1.26638      1.321    4.60775  -0.188809
  -3.18733   -0.21109    3.53561 -0.0416293  -0.975567
  0.857638  0.0828602   0.389922    3.65209   -1.26291
5 5
  -5.85015   -1.15163   -8.04578   -4.56218   -1.40707
  -6.46808   -5.93602   -10.7309   -6.14372    -3.5364
   3.59659    2.45067   -1.98968   0.677229   -3.31347
  -1.55584   -6.31594   -4.05893   -3.38645   -3.24825
  -4.07218   -0.85054 -0.0310813    -1.3161    2.59334
5 5
-0.985259  -8.32523  -11.2043  -4.42226   1.12739
 0.774172  -4.21839  -7.86527  -5.79754   -4.1639
  0.96967  -8.09481  -4.68758  -3.60849  -1.85097
 -2.18544  -3.84396 -0.939925  -2.31148   3.54931
 0.735905  -3.02893  0.197348  0.640569   2.11221
6
5 5
 -3.46342  -3.42691   -4.3275  -4.38902   1.79204
 -2.16939 -0.775747   1.72059   2.38149 -0.699197
  2.79723   0.25595  -4.91753  -1.87571 -0.924121
-0.525336  -2.10375  -3.73741  -2.64586  -2.54501
  1.37698   1.20522   -3.1104   1.60926   1.77287
5 5
-0.922017 -0.647806  -2.53522   1.37161  -1.35952
-0.242996  -1.08656 -0.439545   1.06855  -1.82026
 -2.99458 0.0620327   -1.0734   4.35968 -0.511381
-0.739138   1.30771  -1.44347    3.8185   -3.2926
 -2.73745   -1.7863  -4.63959 -0.185606   1.12738
5 5
  0.502988  -0.743433 -0.0451836  -0.767607  -0.754888
 -0.435661   0.975767 -0.0761722  -0.818375   0.741932
  -0.66431   0.691135   0.316695  0.0203755   0.226558
  0.860611  -0.314235  -0.361113  -0.804516  -0.567617
  0.513148   0.390465   0.206506   0.332209   0.277851
5 5
 0.621387  -2.65938  -1.40033  -1.39397  -1.60713
-0.948745  -1.95088 0.0435978  -3.26249  -5.27598
 -2.22277  -1.88008  0.828009 -0.628373 -0.109961
 -0.40786 -0.328807  -0.89499  -1.49216  -2.02725
-0.952145  0.802981   2.54904   1.87882  0.219626
5 5
 -4.12736  -2.05288   1.33389   2.83624   2.22918
 -5.24795  -6.85924  -3.74416  -2.20598  -2.64697
  -2.8895  -7.49079  -4.63373  -1.46797  -4.65285
 -6.55817  -7.98893 -0.603962    2.8199 -0.746002
 -5.72674  -9.76568   1.27851  -2.01094   -5.3432
5 5
 -1.12018  -2.69812  -4.01054  -4.71615  -2.55611
 0.758586  -3.66274  -2.28437  -1.94631  -3.44326
 0.782028  -2.34121  -4.32979  -3.94252  -4.71544
  2.19313  -4.53863   3.18629    -2.898  -1.37022
  1.64657   4.06138  0.816068  -3.79771 -0.712786
6
5 5
  2.14091  -2.08903  -4.07908    2.0029  0.600777
  2.89697   2.84743  -4.74527  -4.53747  -4.26794
 -3.30713   -7.5532  -2.78981  -2.04825 -0.824894
 -2.07593  -4.08962  -1.61539  -1.00097  -4.47805
  -2.2948   0.42113   -4.8071  -7.04122  -4.71933
5 5
-0.812613 -0.180449  -3.63981   3.47597 0.0702912
 -2.54228  -2.97501  -1.30766   3.92535  0.768051
 -3.73852 -0.896627  -2.10141   3.68485   -1.2931
 -2.65458  -1.68089  -1.49254  -1.41835  -3.31889
 -4.05083  -1.38099  -3.70681   5.20185   1.51625
5 5
 -0.370053  -0.622856   0.789137    1.05004  -0.442807
  -0.51509   0.498508  -0.687796  -0.281803  -0.824851
 -0.433608 -0.0475567  -0.372652   0.668889    1.03734
  0.222965  0.0394523  -0.601451   0.231062   0.617404
 -0.355459  -0.570279  -0.958557   0.446383  -0.788224
5 5
 0.398758  -1.24722 -0.383623  -2.10247   2.75747
  -3.9817  -1.04402  -1.94843  -1.96059 -0.813709
 -2.54154  0.400399  -1.35085 -0.188352  -2.07607
 -2.08807 0.0955968 -0.739977  -0.79038  -2.17609
-0.674719 -0.942962  0.117046   2.38758  -1.13297
5 5
 -1.92216  -4.91955  0.358347  -2.02098   2.39045
 -4.40929  -1.86099  -6.79433  -2.51955  -3.01325
 -2.63039  -3.84766   3.75887 -0.418665 -0.982754
 -1.56009  -1.17716  -2.32447  0.883861  -5.14185
  2.53006  -4.40166  -4.58004   1.43259  -5.69419
5 5
 -1.47752   1.59423   2.52304  -5.81963  -2.24601
 -1.67789  0.319921   3.23192  -3.14321 -0.653911
 -5.50199   2.21842  0.216037  -4.32584   0.20163
 -3.46033   2.08692   2.59809  -1.91317  -3.37375
 -2.90567  0.456613    1.0651  -2.40985   1.85475
6
5 5
 -2.35046  0.651686   -2.4759  -5.23109  -3.86031
 -1.24329  -1.59609  -2.84403  0.516313  -1.06008
 -3.52182  -3.65909 0.0457592  -2.49715  -2.13356
 -6.43305  -2.93248   1.36264   1.25057  0.514341
 -3.99246  -4.83157 -0.473401 -0.214436   2.03008
5 5
 -1.44215   2.16379  -1.23842  -2.91747   4.17726
 0.270039  -3.38115   2.48181 -0.565372   1.59616
  1.01326  0.690269  -4.63524  0.420747 -0.501905
 -1.36892   3.98731 -0.462503  -3.27604   5.07095
 -2.11097   2.81937  0.134799  -3.58414 -0.389221
5 5
  0.591748   -1.02364  -0.693298   0.663578  -0.548654
 -0.409119   0.342687   0.312112  -0.306334     -0.841
 -0.623946    0.75804  -0.671521   0.288289 0.00965108
  0.479581  -0.983874   0.801772  -0.685549    0.79283
 -0.249068   0.757401    0.23483   0.615982  0.0924414
5 5
  -0.96425   0.530179    2.05564    2.14082  0.0660836
  0.638077    2.36009    2.57815   0.679695     4.0021
   2.03277  -0.668198   -2.34681   -3.10719    2.58281
 -0.452473   -1.86935   -2.16953   -0.39929      2.574
  -1.46787  -0.930721 -0.0399138   -0.12094   0.394353
5 5
0.0421106  0.885745  -0.68153  -6.75438  -2.92236
 -3.45589  -3.68177  -2.30881  -4.50063 -0.424959
 -2.34426  -8.19027  -4.69841   -2.5029  -2.90349
 -9.09227  0.223773   3.04258  -1.43799   -4.3015
 -2.90539  -5.15109 -0.952484   5.62692    1.3146
5 5
 -4.91259  -3.26461   -6.4128  -5.90663  -1.52526
 -3.17765  -5.23938   1.49407   2.64177  -1.45791
-0.817281  0.531397   1.04589  -1.39052  -1.00471
 -1.89028   2.69495   2.83491  0.294813  0.531665
  1.92855  -2.22337  -8.13293   3.25696  -3.88902
6
5 5
 -4.84635  -5.14129 -0.730441    2.9777  -1.06496
 -1.28256  -3.30605  0.549467   1.98304  -2.10682
-0.209225  -0.37888  -4.33541   1.24345   -4.6647
  1.08461  0.850457  -3.86457  -6.98192   2.52461
 -6.04149   3.71014  -1.79567  -2.55469   2.90778
5 5
 -0.15879  -3.07537    1.1214   2.27141   1.78634
-0.546221  -2.53284  -2.57764   1.24267 0.0547666
  1.28929  0.484861  -1.28785   -3.3629  -5.14051
   2.0304 -0.371205  -1.36394  -4.58871  -3.77032
 0.240042  -3.76814  -3.43487  -4.61735   5.44774
5 5
-0.321432 -0.216842  0.821552 -0.897613  0.418686
-0.213539    0.8681 -0.777985 -0.429247  0.207502
 0.764209  0.988776 -0.978566 -0.917808 -0.485358
-0.641136  0.167259  -0.63715  0.322353 -0.184062
 0.737932  0.453988 -0.311592  0.010333 -0.227108
5 5
  -1.86443   -2.01167   -0.70845    1.81384    2.98048
 -0.897378  -0.596712   -1.58807    1.00207    1.20414
 -0.414045  0.0757671   -2.26988   -1.06299   0.686701
 -0.455641   0.296876  -0.274275   -1.17642   -0.51071
  -1.21542  -0.426584 -0.0487621  -0.636292    1.50646
5 5
 -7.24532  -4.15165  -4.39662  -5.90298  -2.31201
 -6.61655   1.85794   0.95867  -6.15523  -3.33701
 0.305056 -0.316814  -3.75314  -1.81032  -1.19634
  3.37755  -1.03017  -4.19387   2.70267   2.26122
 -3.47429  -2.53572  -8.70948  -1.99937   4.35003
5 5
 -1.86292  -2.91009  -5.61597   1.59965  0.221833
  1.13763  0.494027  -3.36697  -1.71855  -1.85385
 -1.48546  0.694165 -0.788431   1.70166  -5.17701
  1.23366  -3.15001 -0.841965 -0.388053   2.86569
 -3.81681   -2.2787   1.34697  0.369227  -6.80617
6
5 5
 0.847487   2.37484 -0.114968  0.720162 -0.183577
 -5.00751  -1.92871  0.230472  -3.75994  -3.92081
   2.7651    0.1631   0.61978  -4.47389  -5.28836
 -2.52332  -2.11084  0.566097  0.458206   -2.1618
 -4.41288  -3.31105  0.375501   1.37942  -3.16145
5 5
  1.58449  -2.87023 -0.631863   2.14891  -3.38111
 0.870078   2.51013  -2.72833  -2.61222  -8.31736
-0.292822  -1.97776   1.80098  -2.51853  -6.71066
-0.615926 -0.960898   -4.6567  -1.28467  -3.35777
  2.31729  -2.40837  -3.96385  -1.78123   -2.6727
5 5
  0.585455   0.319979 -0.0909159  -0.488923 -0.0302055
 -0.592042    0.76918  -0.230132   0.419852   0.221105
  0.337595  -0.911126  -0.561646  -0.162989   0.073223
 -0.287503   -0.27254   0.773046   0.657176  0.0237706
  0.219511 -0.0409105  -0.887786   0.555221  -0.701163
5 5
 -1.38349  -1.42627  0.412581  0.308018  -1.34945
 -1.73351  -2.42149   3.32652  -3.58117  -2.77644
-0.382571 -0.315957    1.4541  -3.39787  -3.09112
 -1.76472  -0.71824 0.0419697   -1.0534  0.432395
   1.3488  -0.33512  0.572948  -1.11231 -0.405547
5 5
 -1.74165  -1.52552   2.11977  -1.19726  -5.02198
-0.557782  -1.91568  -4.43724  -1.80661  -2.64552
-0.182879 -0.332756 -0.271323 -0.796494   1.63016
 -5.36921  -5.70841  -3.84228   1.63584   0.69026
 -4.46882  -2.09808   1.87718   3.60621  -3.83378
5 5
  -8.5534  -5.76793  -2.08844   0.34292 -0.827414
 -2.59349  -4.87222  -2.96221  -2.24789  0.679104
 -4.02333  0.351166  0.484262    4.5553   3.38332
   3.1696  -5.33942  0.472218   2.51213   2.20136
 -6.22894 -0.777019  -4.38781  -3.11302  -7.43052
6
5 5
  1.22512 -0.213986   1.00034  -5.19449   -2.0638
 -4.25126  0.748605   2.39337  -3.26103  -3.01979
 -2.58549 -0.711475   2.76439  -4.49347  -1.49843
 -3.68819   -2.7139  -3.30454  -5.13831  -3.47687
  6.93868 -0.453492   1.99265  0.442124  -1.28127
5 5
 -2.84207  -1.48324  -1.14644 -0.783045  -4.07508
-0.657781  -4.15952   1.53309 -0.197443  -1.77585
   2.6521  -4.65877  -7.84079  -1.40174  -2.28408
0.0130771  -2.07547   1.39823   2.25176  -1.78884
 -1.70078   1.95898   -1.0773  -0.70111  -5.78827
5 5
 -0.709096  -0.949817   0.587469  -0.124233 -0.0108339
  0.397553   0.172355  -0.675592  -0.809283   0.735824
  0.572188   0.639946   0.270421   0.647311   0.189484
  0.233173  -0.498036  -0.877992 -0.0387017   0.538822
 -0.630939   0.607881   0.266098   0.957266  -0.717034
5 5
 -1.47905  -1.03968  0.748038  -1.31592  -1.45176
 -2.35821    -2.674 -0.973418  0.510703  -0.92527
 -3.55402  -1.19499  0.856276  0.844187 -0.136145
-0.959484 -0.934368   2.02126    3.9512 -0.953108
 -1.25182  0.218264   1.70418 -0.869463   -2.1786
5 5
   1.53643 0.00564084    1.33788   -1.43232   -1.31589
 -0.866472   -7.26203   -5.33637   0.901991   -6.65012
  -1.23663   -5.78232   0.561662   -1.85109    -2.5527
  -1.04543   -4.66712   -6.79593   -5.17378   -7.03092
   1.63047   -1.45696   0.285553   -1.68986  -0.829991
5 5
  4.86044  -4.06953 -0.918351 -0.470089  -2.55772
  -1.9394  -5.83602   1.99448  0.588464  -1.57798
 -3.03623  -3.99024  -6.10721   2.02932  -2.15254
 -6.64956  -6.05788  -5.69135   -1.4251  0.605104
 -3.14002  0.410842  -3.32139 -0.532079   3.67233
6
5 5
   0.992327     3.31108 -0.00706391    -1.61799    -2.35341
    1.15534   -0.830308    0.590838   -0.480004   -0.286347
    -3.2808    -3.85908     -6.5995    -2.21583    -2.05358
   -4.25097   -0.311345    -3.15236    -4.19378    -2.03915
   -4.19521   -0.654097    -4.44697    -2.00964   -0.438224
5 5
 0.227639  -1.39069   4.19704   1.06597  -1.54708
  3.04041  -1.00317  -1.64579  -4.58407  -6.54917
 -5.22732  -2.33752 -0.433315   1.42175  -1.50409
 -3.37266  -2.06069 -0.918624   1.90625 -0.229388
    2.371  0.559435  0.149954  0.655515  0.982388
5 5
-0.721047 -0.159541 -0.576429 -0.860078  0.559423
-0.420574   0.17468  0.168876  0.716715  0.878959
-0.166401  0.565265  -1.00927 -0.961934  0.730046
-0.208328  0.132561  -1.02074  0.162784  0.656689
-0.574261   0.14052 -0.169847  0.805981 -0.552981
5 5
  -2.10745   -0.19507  -0.198306   -1.15149   -2.42289
 -0.950194   -1.74415  -0.337908    1.55556   -1.19898
-0.0768349   -1.84216  0.0939443   -2.13341     1.5387
  -2.48559  -0.375089   -1.12111   0.856926   -1.69913
 -0.527503   0.782131  -0.562447   -1.36701    3.84353
5 5
 -1.85684   3.37058   3.18059   1.73128  -4.38024
 -6.18609  0.151035  -4.56721  -1.82919  -1.35688
 -3.33838  -4.18069  -3.79868  -5.99624  -10.5459
-0.651921  -1.47447 -0.508828  0.315363  -4.87684
-0.746518   6.84424  -1.45642  -3.27121  -4.32781
5 5
-0.371501   1.17077  -3.86218  -6.62985  -4.47697
  1.28609  -2.95481   1.18359  -3.35288  -4.05599
 -2.25757  -3.21023  -2.82941  -2.34369    1.6468
-0.904397   5.29442   3.51618  -1.00341  -1.47094
 -4.19638  0.518606  -0.97282  -3.27707  -1.13739
6
5 5
-0.484567   3.09497  0.249393  -2.44741 -0.520175
 0.500772  0.545855  -4.64697  -7.22694  -5.59904
 -1.52463  -5.14755  -1.35146  -2.09343 -0.580366
 -2.02713  -2.89266  -3.13768   0.38591   2.82184
  1.54539   2.51223   -2.4343  -3.33465   1.61473
5 5
-0.600568   1.61224   1.59182  -3.20238  -4.82112
  1.24845   5.34636  -1.16938 -0.900394  -3.79057
-0.735022  -1.31266 -0.432052  0.661999  -2.83894
-0.594561 -0.878635   3.67398   2.73563  -4.72801
-0.457923  -2.22265   1.13251  -1.71158  -2.13166
5 5
  0.592626    1.01445  -0.047684   0.219331  -0.657456
 0.0867929   0.383448   -0.20998   0.917896  -0.623849
 -0.952258    0.88157    0.17656  -0.408038   0.565924
  0.901029  -0.936103   0.946114 -0.0298491   0.026653
  0.765483  -0.898418  -0.881007  -0.811355    0.44579
5 5
 -3.24205  -1.41888 0.0625727 -0.489405  -1.52952
 -1.12099   1.06213 -0.666847  -1.07842   1.64287
 0.113688   0.17584 -0.989142  -1.46973   2.27751
-0.493687   1.99672     2.053   2.65778  -3.05413
-0.817242   -1.5506   1.51721   1.41122  -1.45794
5 5
   3.1896 0.0772146  -2.84858  -1.33389 -0.641627
 -2.81254  -1.72269   -2.8801   1.70994  -5.88166
 -0.84538 -0.366709   1.97286  -1.56099  -6.05382
  1.59515  -2.74136  0.441988   1.62323  -3.43802
  -3.4892  -2.39364   1.04708 -0.291616  -1.66245
5 5
 -6.12584  -5.04423  -3.07809   7.47741   5.99176
 -3.16137  -1.98403  -2.09565  -4.25106  -7.84127
  1.90687  -5.16997  -2.46987  -5.99659   3.22443
 -5.73803 -0.671332   3.72245 -0.525832   2.92228
 -1.27129  -1.51044 -0.286487  -3.86294  -3.03837
6
5 5
-0.214466  0.047479  -5.23408 -0.887898   1.15933
-0.889448 -0.866985 -0.364631  -0.50889  0.288815
 -2.10999 -0.783302  -2.81759    2.8967 -0.571196
 -5.10113  -0.21276 -0.479977  -1.70718   3.25673
 -2.73928   1.48379  -2.48786   4.83052  -4.76492
5 5
 -1.92077  0.283599  -4.71612  -3.42823 -0.312132
 -1.82559 -0.471946  -3.86325   1.82228  0.103118
 -2.88955   -1.0443   -2.9042   -1.2232 -0.582013
 -3.27846  -4.64261  -3.45863 0.0240456  -2.26187
  1.55789  -2.39493 -0.932952 -0.730038  -1.72335
5 5
-0.897809  0.559236 -0.587518  0.645122 0.0970433
  0.77863  0.500757  0.746101 0.0380981  0.187028
 0.129711 -0.395284  0.328682 -0.312097  0.387951
 0.531029 -0.537551 -0.766276 -0.822004  0.269602
-0.829419  0.126154  -0.76285 -0.915681  0.531736
5 5
 -1.27868 -0.471479  -1.27986  -3.19226  -0.72464
  2.73602  0.592188  0.176127  -2.99046  -3.28583
  -2.9327 -0.918703  -0.87073  -1.06034 -0.693371
 -2.69226 -0.656692  -0.83943 -0.600738  -2.16612
  3.93894  -0.40462   -1.1632  -2.37534   2.78668
5 5
  1.33046  -4.37268   2.13191   1.92775  -3.58219
 -2.70707  -4.16629 -0.555234  -3.68957  -4.01497
 0.456388  -5.44968  0.778004   1.98882  -7.88956
-0.643998 -0.381561   2.43676   1.13167  -3.92763
 -5.55916   2.29409  -2.81622 -0.601115 -0.957255
5 5
 -5.36564  -2.08199   2.49898   2.44496   -4.3331
 -1.13521  -1.03103   2.19669   3.53374  -6.44118
 -4.07858 -0.852764   2.80693  -3.29581  -5.15458
 -6.15319   4.67669 -0.532666  -3.93024  -1.94822
  1.07271   4.35956  -7.25489  -8.22399  -6.20162
6
5 5
-0.725043  0.598424  -2.55885  0.315266   1.28557
 0.236266   -6.7005  -3.25184  -1.64208  -1.16134
 -2.39813 0.0782141  -3.20319   3.77144  0.139515
 -2.88302   -3.1617   4.86751    3.5599  -2.06357
 -8.23475  -1.60967  -1.05736  -1.23748  -1.40822
5 5
 0.793413    1.3039   2.46128   2.26931  -2.69081
 -3.15538  0.422357    2.1144  -5.00117   2.20755
 -2.03101  -0.09133   3.55745 -0.632427  -4.55392
 -1.01961    0.1902  -3.72085  0.997028  -2.56291
-0.829916  -4.42588  -2.25808  -3.79105  -1.79848
5 5
 -0.251822  -0.578049 -0.0388956   0.366699  0.0381349
 0.0223283  -0.518971   0.167126   0.702869   -1.01067
 -0.425524  -0.699315  -0.668113  -0.541515 -0.0411346
 -0.679923   0.262666  -0.741591  -0.659497  -0.570864
  0.311702  -0.734957  -0.736784  -0.241424   0.490442
5 5
  1.85328  0.225519 -0.116308 -0.438709   -2.4239
 -1.13308  0.449391   0.88981 -0.664163  -1.61298
 -2.58446  -0.42973  -1.52301  -3.20983  0.103326
 -3.38691 -0.621767  -3.12331 -0.339711   1.95357
 -1.27234  -1.71315  0.503506 -0.250757  0.155268
5 5
-0.743257   1.67568   2.95169  -2.70816 -0.816856
 -5.23478  -1.03783  -1.98286  -1.37171 -0.983731
 -5.27657  -2.36956    4.9502  -2.40036  -5.96515
 -3.38648   -2.4251  -2.55917  0.360448  -5.49343
 -5.88432    5.0395 -0.629107   2.98524  -3.60783
5 5
   -2.748   4.06501   0.41522  0.411004 -0.500556
 0.943219   -4.0558  -1.92268  -4.01214  -3.30799
-0.876334   3.61311  -5.24761  -3.55929   1.93455
 -4.36935   9.31456  -7.78179  -5.08945   1.14208
  5.35226   -3.2791  -0.23213  -3.08923  -2.69805
6
5 5
 -1.13576  -2.87203  -1.50304  -4.95654  -3.37763
 -5.69655   1.26658   -3.2337 -0.762036   3.30531
 -4.24977  -2.46583  -3.78764    -4.324   1.29288
-0.328005 -0.214334  -3.17606  -1.93862  -10.2327
  3.02126  0.137003  -1.58645  -4.46887  -2.97002
5 5
  3.09757  -3.11726  -3.42368  -2.02321  -3.86478
 0.902935 -0.325792  -2.77321   1.99368  -4.54556
  1.05373  -1.30733   3.42023    0.2774   5.61756
 -1.63808  -3.53872  -2.24315   2.45149  -2.96991
 -1.69805  -1.92446  -4.59409  -2.83141  -1.14078
5 5
  0.0714939   -0.226743   -0.399903   -0.345274   0.0597842
  0.0808818   -0.979204    0.677057   -0.110022    0.240748
-0.00829388     0.44609   -0.221941  -0.0669885   0.0493024
   -0.59307   -0.347301    0.877783   -0.901161   -0.851289
   0.479312    0.742245     1.02409    0.333514     0.10433
5 5
 -2.87086   -1.7202 -0.717442  -2.19697   3.88428
-0.357397  -1.54771  -2.36708  -1.63999  -1.31896
 -0.36358  0.154206   2.82807   1.55051   7.25457
 -1.00289  -1.50085  0.519739  -2.50261   2.63036
-0.069215  -2.38426 -0.496132  -3.27141  -1.34845
5 5
 -0.616428    1.40475   0.648637 -0.0835403   -6.32071
  0.609313  -0.970831   -3.82425   -1.79211   0.548471
  -0.33619   0.484509   0.849175   -4.49643   -4.21845
  0.769999    -1.5535   -1.53844   -3.87298   -4.55992
-0.0059556    5.54855    1.77596   -3.81432  -0.378359
5 5
 -3.29628  -3.46011   1.64749  -4.28007  -5.03889
 -1.89693  -1.78119  0.759873  0.435316   3.83227
-0.481444  -0.49583  -1.11532  -5.25607  -2.90957
  2.83663 -0.525069  -1.89263   -1.5448   4.18652
  -2.4208  0.979302  0.604941  -1.02917   2.64205
6
5 5
-0.741871 0.0424829  -3.52985  -3.70968  -5.30113
 -2.78744  -2.45019  0.518776  0.875922    -1.741
 -1.64347   6.19588  -2.75128  -3.06185  -5.22158
 -1.94384  0.393142  -5.70983  0.623589  -2.52705
 -4.47685 -0.876246  -3.81759  -1.19505   4.13942
5 5
0.0214433  -1.31883  -1.32703  -2.81542  -2.88508
  1.00647  -2.50247   -2.5504  -4.56679  -4.43129
  4.69682  -3.94003 0.0246621  -1.88764  -6.28114
  2.46609 -0.861246  -1.72997   1.55253   -1.3873
 -1.54253  -3.80491  -1.94576  -2.25808  -1.09087
5 5
   0.65249  -0.866813  -0.397743   0.442171   0.574739
 -0.170213 -0.0676155   0.203188   0.727259  0.0946823
  0.967525   0.896013   0.384624 -0.0926575  -0.840418
-0.0354487   0.739755   0.795818   0.788066   0.391721
 -0.969111   -0.39871    0.13219   0.535497  -0.410948
5 5
   2.09287   -2.34765  -0.959707   -1.73437   -1.76378
   1.94864   -1.06252   -1.87601  0.0330295    2.65295
  0.598859  -0.531629    -2.0216    2.23091  -0.395155
  -2.04454   -2.39979   0.072435     2.1598   -1.52214
 -0.948333 -0.0698786    2.95731  -0.252674  -0.914901
5 5
 -5.90432  0.747783  -2.05441 -0.893029  -0.71984
-0.885996 -0.673859  0.346695  -0.19794  -5.27454
 -4.13473 -0.317443   6.63579  -5.75256  -6.20042
 -4.68111  -1.29269 -0.699925  -2.15238 -0.396565
  4.14425  -1.74227  -1.69217  0.561994 -0.769225
5 5
  -1.5568    3.2336   1.05024  0.340113  -4.32316
  1.97055 -0.508676   1.25935  -6.65152  -6.13069
 -2.11196  -2.05686  0.652738  -5.01259 -0.755668
-0.175178  -0.79878  -8.01603  -3.44358   2.95763
  -6.8767  -4.20532  -1.36977 -0.949711  -2.83257
